mode: set
gomybatis/util/file.go:9.50,11.59 2 0
gomybatis/util/file.go:16.2,16.12 1 0
gomybatis/util/file.go:11.59,13.3 1 0
gomybatis/util/file.go:13.8,15.3 1 0
gomybatis/util/string.go:6.40,9.17 3 0
gomybatis/util/string.go:12.2,12.15 1 0
gomybatis/util/string.go:15.2,15.23 1 0
gomybatis/util/string.go:9.17,11.3 1 0
gomybatis/util/string.go:12.15,14.3 1 0
gomybatis/util/tree.go:40.32,45.2 1 1
gomybatis/util/tree.go:48.38,52.2 3 1
gomybatis/util/tree.go:55.35,57.2 1 1
gomybatis/util/tree.go:60.30,62.2 1 1
gomybatis/util/tree.go:65.31,67.2 1 1
gomybatis/util/tree.go:70.31,72.2 1 1
gomybatis/util/tree.go:74.27,76.2 1 1
gomybatis/util/tree.go:79.40,81.2 1 1
gomybatis/util/tree.go:83.75,85.31 2 1
gomybatis/util/tree.go:93.2,94.10 2 1
gomybatis/util/tree.go:98.2,100.23 3 1
gomybatis/util/tree.go:114.2,114.12 1 1
gomybatis/util/tree.go:85.31,86.12 1 1
gomybatis/util/tree.go:86.12,88.4 1 1
gomybatis/util/tree.go:88.9,90.4 1 1
gomybatis/util/tree.go:94.10,96.3 1 1
gomybatis/util/tree.go:100.23,102.13 2 1
gomybatis/util/tree.go:106.3,106.11 1 1
gomybatis/util/tree.go:111.3,111.45 1 1
gomybatis/util/tree.go:102.13,104.12 2 1
gomybatis/util/tree.go:106.11,108.4 1 1
gomybatis/util/tree.go:108.9,110.4 1 1
gomybatis/util/tree.go:117.62,119.22 2 1
gomybatis/util/tree.go:127.2,127.15 1 1
gomybatis/util/tree.go:119.22,122.25 3 1
gomybatis/util/tree.go:122.25,125.4 2 1
